{"/Users/kimoudev/sites/www/api-todo-ci/app.js": {"path":"/Users/kimoudev/sites/www/api-todo-ci/app.js","statementMap":{"0":{"start":{"line":1,"column":16},"end":{"line":1,"column":34}},"1":{"start":{"line":2,"column":12},"end":{"line":2,"column":21}},"2":{"start":{"line":5,"column":0},"end":{"line":5,"column":24}},"3":{"start":{"line":8,"column":12},"end":{"line":11,"column":1}},"4":{"start":{"line":12,"column":13},"end":{"line":12,"column":14}},"5":{"start":{"line":17,"column":0},"end":{"line":30,"column":3}},"6":{"start":{"line":18,"column":4},"end":{"line":29,"column":7}},"7":{"start":{"line":33,"column":0},"end":{"line":38,"column":3}},"8":{"start":{"line":34,"column":4},"end":{"line":37,"column":7}},"9":{"start":{"line":41,"column":0},"end":{"line":50,"column":3}},"10":{"start":{"line":42,"column":15},"end":{"line":42,"column":38}},"11":{"start":{"line":43,"column":17},"end":{"line":43,"column":45}},"12":{"start":{"line":43,"column":33},"end":{"line":43,"column":44}},"13":{"start":{"line":45,"column":4},"end":{"line":47,"column":5}},"14":{"start":{"line":46,"column":8},"end":{"line":46,"column":66}},"15":{"start":{"line":49,"column":4},"end":{"line":49,"column":19}},"16":{"start":{"line":53,"column":0},"end":{"line":73,"column":3}},"17":{"start":{"line":54,"column":22},"end":{"line":54,"column":30}},"18":{"start":{"line":57,"column":4},"end":{"line":59,"column":5}},"19":{"start":{"line":58,"column":8},"end":{"line":58,"column":70}},"20":{"start":{"line":61,"column":20},"end":{"line":65,"column":5}},"21":{"start":{"line":67,"column":4},"end":{"line":67,"column":24}},"22":{"start":{"line":69,"column":4},"end":{"line":72,"column":7}},"23":{"start":{"line":76,"column":0},"end":{"line":94,"column":3}},"24":{"start":{"line":77,"column":15},"end":{"line":77,"column":38}},"25":{"start":{"line":78,"column":33},"end":{"line":78,"column":41}},"26":{"start":{"line":80,"column":17},"end":{"line":80,"column":45}},"27":{"start":{"line":80,"column":33},"end":{"line":80,"column":44}},"28":{"start":{"line":82,"column":4},"end":{"line":84,"column":5}},"29":{"start":{"line":83,"column":8},"end":{"line":83,"column":66}},"30":{"start":{"line":87,"column":4},"end":{"line":87,"column":55}},"31":{"start":{"line":87,"column":29},"end":{"line":87,"column":55}},"32":{"start":{"line":88,"column":4},"end":{"line":88,"column":60}},"33":{"start":{"line":88,"column":33},"end":{"line":88,"column":60}},"34":{"start":{"line":90,"column":4},"end":{"line":93,"column":7}},"35":{"start":{"line":97,"column":0},"end":{"line":108,"column":3}},"36":{"start":{"line":98,"column":15},"end":{"line":98,"column":38}},"37":{"start":{"line":99,"column":18},"end":{"line":99,"column":51}},"38":{"start":{"line":99,"column":39},"end":{"line":99,"column":50}},"39":{"start":{"line":101,"column":4},"end":{"line":103,"column":5}},"40":{"start":{"line":102,"column":8},"end":{"line":102,"column":66}},"41":{"start":{"line":105,"column":4},"end":{"line":105,"column":27}},"42":{"start":{"line":107,"column":4},"end":{"line":107,"column":27}},"43":{"start":{"line":111,"column":0},"end":{"line":118,"column":3}},"44":{"start":{"line":112,"column":4},"end":{"line":117,"column":7}},"45":{"start":{"line":121,"column":0},"end":{"line":123,"column":3}},"46":{"start":{"line":122,"column":4},"end":{"line":122,"column":57}},"47":{"start":{"line":125,"column":0},"end":{"line":125,"column":21}}},"fnMap":{"0":{"name":"(anonymous_0)","decl":{"start":{"line":17,"column":13},"end":{"line":17,"column":14}},"loc":{"start":{"line":17,"column":27},"end":{"line":30,"column":1}},"line":17},"1":{"name":"(anonymous_1)","decl":{"start":{"line":33,"column":18},"end":{"line":33,"column":19}},"loc":{"start":{"line":33,"column":32},"end":{"line":38,"column":1}},"line":33},"2":{"name":"(anonymous_2)","decl":{"start":{"line":41,"column":22},"end":{"line":41,"column":23}},"loc":{"start":{"line":41,"column":36},"end":{"line":50,"column":1}},"line":41},"3":{"name":"(anonymous_3)","decl":{"start":{"line":43,"column":28},"end":{"line":43,"column":29}},"loc":{"start":{"line":43,"column":33},"end":{"line":43,"column":44}},"line":43},"4":{"name":"(anonymous_4)","decl":{"start":{"line":53,"column":19},"end":{"line":53,"column":20}},"loc":{"start":{"line":53,"column":33},"end":{"line":73,"column":1}},"line":53},"5":{"name":"(anonymous_5)","decl":{"start":{"line":76,"column":22},"end":{"line":76,"column":23}},"loc":{"start":{"line":76,"column":36},"end":{"line":94,"column":1}},"line":76},"6":{"name":"(anonymous_6)","decl":{"start":{"line":80,"column":28},"end":{"line":80,"column":29}},"loc":{"start":{"line":80,"column":33},"end":{"line":80,"column":44}},"line":80},"7":{"name":"(anonymous_7)","decl":{"start":{"line":97,"column":25},"end":{"line":97,"column":26}},"loc":{"start":{"line":97,"column":39},"end":{"line":108,"column":1}},"line":97},"8":{"name":"(anonymous_8)","decl":{"start":{"line":99,"column":34},"end":{"line":99,"column":35}},"loc":{"start":{"line":99,"column":39},"end":{"line":99,"column":50}},"line":99},"9":{"name":"(anonymous_9)","decl":{"start":{"line":111,"column":19},"end":{"line":111,"column":20}},"loc":{"start":{"line":111,"column":33},"end":{"line":118,"column":1}},"line":111},"10":{"name":"(anonymous_10)","decl":{"start":{"line":121,"column":8},"end":{"line":121,"column":9}},"loc":{"start":{"line":121,"column":22},"end":{"line":123,"column":1}},"line":121}},"branchMap":{"0":{"loc":{"start":{"line":45,"column":4},"end":{"line":47,"column":5}},"type":"if","locations":[{"start":{"line":45,"column":4},"end":{"line":47,"column":5}},{"start":{},"end":{}}],"line":45},"1":{"loc":{"start":{"line":57,"column":4},"end":{"line":59,"column":5}},"type":"if","locations":[{"start":{"line":57,"column":4},"end":{"line":59,"column":5}},{"start":{},"end":{}}],"line":57},"2":{"loc":{"start":{"line":57,"column":8},"end":{"line":57,"column":37}},"type":"binary-expr","locations":[{"start":{"line":57,"column":8},"end":{"line":57,"column":14}},{"start":{"line":57,"column":18},"end":{"line":57,"column":37}}],"line":57},"3":{"loc":{"start":{"line":82,"column":4},"end":{"line":84,"column":5}},"type":"if","locations":[{"start":{"line":82,"column":4},"end":{"line":84,"column":5}},{"start":{},"end":{}}],"line":82},"4":{"loc":{"start":{"line":87,"column":4},"end":{"line":87,"column":55}},"type":"if","locations":[{"start":{"line":87,"column":4},"end":{"line":87,"column":55}},{"start":{},"end":{}}],"line":87},"5":{"loc":{"start":{"line":88,"column":4},"end":{"line":88,"column":60}},"type":"if","locations":[{"start":{"line":88,"column":4},"end":{"line":88,"column":60}},{"start":{},"end":{}}],"line":88},"6":{"loc":{"start":{"line":101,"column":4},"end":{"line":103,"column":5}},"type":"if","locations":[{"start":{"line":101,"column":4},"end":{"line":103,"column":5}},{"start":{},"end":{}}],"line":101}},"s":{"0":1,"1":1,"2":1,"3":1,"4":1,"5":1,"6":1,"7":1,"8":1,"9":1,"10":2,"11":2,"12":3,"13":2,"14":1,"15":1,"16":1,"17":2,"18":2,"19":1,"20":1,"21":1,"22":1,"23":1,"24":1,"25":1,"26":1,"27":1,"28":1,"29":0,"30":1,"31":0,"32":1,"33":1,"34":1,"35":1,"36":0,"37":0,"38":0,"39":0,"40":0,"41":0,"42":0,"43":1,"44":1,"45":1,"46":0,"47":1},"f":{"0":1,"1":1,"2":2,"3":3,"4":2,"5":1,"6":1,"7":0,"8":0,"9":1,"10":0},"b":{"0":[1,1],"1":[1,1],"2":[2,1],"3":[0,1],"4":[0,1],"5":[1,0],"6":[0,0]},"_coverageSchema":"1a1c01bbd47fc00a2c39e90264f33305004495a9","hash":"0c849ea61c078931788fc333ba10065f45261c9d"}
}
