TN:
SF:app.js
FN:17,(anonymous_0)
FN:33,(anonymous_1)
FN:41,(anonymous_2)
FN:43,(anonymous_3)
FN:53,(anonymous_4)
FN:76,(anonymous_5)
FN:80,(anonymous_6)
FN:97,(anonymous_7)
FN:99,(anonymous_8)
FN:111,(anonymous_9)
FN:121,(anonymous_10)
FNF:11
FNH:8
FNDA:1,(anonymous_0)
FNDA:1,(anonymous_1)
FNDA:2,(anonymous_2)
FNDA:3,(anonymous_3)
FNDA:2,(anonymous_4)
FNDA:1,(anonymous_5)
FNDA:1,(anonymous_6)
FNDA:0,(anonymous_7)
FNDA:0,(anonymous_8)
FNDA:1,(anonymous_9)
FNDA:0,(anonymous_10)
DA:1,1
DA:2,1
DA:5,1
DA:8,1
DA:12,1
DA:17,1
DA:18,1
DA:33,1
DA:34,1
DA:41,1
DA:42,2
DA:43,3
DA:45,2
DA:46,1
DA:49,1
DA:53,1
DA:54,2
DA:57,2
DA:58,1
DA:61,1
DA:67,1
DA:69,1
DA:76,1
DA:77,1
DA:78,1
DA:80,1
DA:82,1
DA:83,0
DA:87,1
DA:88,1
DA:90,1
DA:97,1
DA:98,0
DA:99,0
DA:101,0
DA:102,0
DA:105,0
DA:107,0
DA:111,1
DA:112,1
DA:121,1
DA:122,0
DA:125,1
LF:43
LH:35
BRDA:45,0,0,1
BRDA:45,0,1,1
BRDA:57,1,0,1
BRDA:57,1,1,1
BRDA:57,2,0,2
BRDA:57,2,1,1
BRDA:82,3,0,0
BRDA:82,3,1,1
BRDA:87,4,0,0
BRDA:87,4,1,1
BRDA:88,5,0,1
BRDA:88,5,1,0
BRDA:101,6,0,0
BRDA:101,6,1,0
BRF:14
BRH:9
end_of_record
